         w __deregister_frame_info
         w __register_frame_info
         w _ITM_deregisterTMCloneTable
         w _ITM_registerTMCloneTable
00000000 b .LANCHOR2
00000000 00000401 b __fixedpath
00000000 b _TLS_MODULE_BASE_
00000000 a shift
00000000 a shift
00000404 b .LANCHOR4
00000404 00000802 b __utf16path
00000c08 b .LANCHOR6
00000c08 00000802 b __utf16path_old.7945
00100000 a __start__
00100000 T _start
00100008 T __service_ptr
0010000c T __apt_appid
00100010 T __heap_size
00100014 T __linear_heap_size
00100018 T __system_arglist
0010001c T __system_runflags
00100020 t startup
00100058 t ClearMem
0010006c t ClrLoop
00100094 T _init
001000ac T initSystem
001000f0 T __ctru_exit
00100110 T __aeabi_idiv
00100110 00000220 T __divsi3
00100118 t .divsi3_skip_div0_test
00100330 00000020 T __aeabi_idivmod
00100350 00000004 W __aeabi_idiv0
00100350 00000004 W __aeabi_ldiv0
00100354 T __aeabi_uldivmod
001003a8 00000390 T strcmp
00100730 t .udivsi3_skip_div0_test
00100730 T __aeabi_uidiv
00100730 000001ec T __udivsi3
0010091c 00000020 T __aeabi_uidivmod
0010093c t deregister_tm_clones
00100968 t register_tm_clones
001009a0 t __do_global_dtors_aux
001009e4 t frame_dummy
00100a18 000000a0 T main
00100ab8 0000008c t gfxSetFramebufferInfo.part.0
00100b44 00000018 T __get_bytes_per_pixel
00100b5c 00000180 T gfxSetScreenFormat
00100cdc 00000010 T gfxSetDoubleBuffering
00100cec 00000070 T gfxSetFramebufferInfo
00100d5c 000000b0 T gfxWriteFramebufferInfo
00100e0c 0000020c T gfxInit
00101018 00000010 T gfxInitDefault
00101028 000000e0 T gfxExit
00101108 000000bc T gfxGetFramebuffer
001011c4 000000e0 T gfxFlushBuffers
001012a4 00000060 T gfxConfigScreen
00101304 00000020 T gfxSwapBuffersGpu
00101324 000001b0 T consoleDrawChar
001014d4 00000124 T consolePrintChar
001015f8 00000190 t consoleCls
00101788 00000104 T consoleInit
0010188c 00000144 t consoleClearLine
001019d0 000000bc t newRow
00101a8c 000007e4 T con_write
00102270 000000d0 T hidExit
00102340 00000268 T hidScanInput
001025a8 00000090 T HIDUSER_GetHandles
00102638 000001ac T hidInit
001027e4 00000004 W _aptDebug
001027e8 00000138 T aptSendCommand
00102920 0000003c t aptExitProcess
0010295c 0000004c T APT_InquireNotification
001029a8 0000019c t aptEventHandler
00102b44 00000074 T APT_AppletUtility
00102bb8 000000b4 T aptSetSleepAllowed
00102c6c 000000b4 T APT_GlanceParameter
00102d20 000000c0 T APT_ReceiveParameter
00102de0 000000bc t aptReceiveParameter.constprop.0
00102ea0 000001ec t aptScreenTransfer
0010308c 00000228 t aptWaitForWakeUp
001032b4 00000070 T APT_CancelParameter
00103324 0000027c T aptInit
001035a0 00000090 t aptClearParamQueue
00103630 00000210 T aptMainLoop
00103840 0000021c T aptExit
00103a5c 0000007c T APT_CheckNew3DS
00103ad8 00000074 T gspInit
00103b4c 0000003c T gspExit
00103b88 000000a0 T gspInitEventHandler
00103c28 00000040 T gspExitEventHandler
00103c68 00000044 T gspWaitForEvent
00103cac 00000004 W gxCmdQueueInterrupt
00103cb0 0000017c t gspEventThreadMain
00103e2c 0000006c T GSPGPU_SetBufferSwap
00103e98 0000004c T GSPGPU_FlushDataCache
00103ee4 00000034 T GSPGPU_SetLcdForceBlack
00103f18 00000064 T GSPGPU_RegisterInterruptRelayQueue
00103f7c 0000002c T GSPGPU_UnregisterInterruptRelayQueue
00103fa8 00000048 T GSPGPU_AcquireRight
00103ff0 0000002c T GSPGPU_ReleaseRight
0010401c 00000080 T GSPGPU_ImportDisplayCaptureInfo
0010409c 0000002c T GSPGPU_SaveVramSysArea
001040c8 0000002c T GSPGPU_RestoreVramSysArea
001040f4 000000ac T irrstScanInput
001041a0 00000024 T irrstKeysHeld
001041c4 00000050 T IRRST_GetHandles
00104214 0000015c T irrstInit
00104370 0000002c T IRRST_Shutdown
0010439c 000000ac T irrstExit
00104448 000000e8 T __system_initArgv
00104530 00000038 W __libctru_init
00104568 T svcControlMemory
00104588 T svcExitProcess
00104590 T svcCreateThread
001045b0 T svcExitThread
001045b8 T svcSleepThread
001045c0 T svcReleaseMutex
001045c8 T svcCreateEvent
001045dc T svcSignalEvent
001045e4 T svcClearEvent
001045ec T svcMapMemoryBlock
001045f4 T svcUnmapMemoryBlock
001045fc T svcCreateAddressArbiter
00104610 T svcArbitrateAddress
00104628 T svcCloseHandle
00104630 T svcWaitSynchronization
00104638 T svcWaitSynchronizationN
00104660 T svcDuplicateHandle
00104674 T svcGetSystemTick
0010467c T svcGetSystemInfo
00104694 T svcConnectToPort
001046a8 T svcSendSyncRequest
001046b0 T svcBreak
001046b8 00000024 t addrMapNodeComparator(rbtree_node const*, rbtree_node const*)
001046dc 00000004 t addrMapNodeDestructor(rbtree_node*)
001046e0 0000013c T linearMemAlign
0010481c 00000008 T linearAlloc
00104824 00000050 T linearFree
00104874 00000024 t addrMapNodeComparator(rbtree_node const*, rbtree_node const*)
00104898 00000004 t addrMapNodeDestructor(rbtree_node*)
0010489c 000000f4 T mappableAlloc
00104990 00000050 T mappableFree
001049e0 00000024 t addrMapNodeComparator(rbtree_node const*, rbtree_node const*)
00104a04 00000004 t addrMapNodeDestructor(rbtree_node*)
00104a08 0000012c T vramMemAlign
00104b34 00000008 T vramAlloc
00104b3c 00000050 T vramFree
00104b8c 0000001c t threadFree.part.0
00104ba8 000001bc T threadCreate
00104d64 00000024 T threadJoin
00104d88 00000064 T threadExit
00104dec 00000040 t _thread_begin
00104e2c 00000058 T srvExit
00104e84 00000038 T srvRegisterClient
00104ebc 0000007c T srvInit
00104f38 0000006c T srvGetServiceHandleDirect
00104fa4 00000038 T srvGetServiceHandle
00104fdc 00000058 t getSysTime
00105034 00000024 T osGetMemRegionUsed
00105058 000000f4 T __libctru_gtod
0010514c 00000034 T __ctru_speedup_config
00105180 00000084 T envGetHandle
00105204 0000004c T envDestroyHandles
00105250 00000034 t LightLock_Unlock.part.1
00105284 0000000c T __sync_init
00105290 00000018 T __sync_fini
001052a8 00000010 T __sync_get_arbiter
001052b8 00000018 T LightLock_Init
001052d0 000000a0 T LightLock_Lock
00105370 00000034 T LightLock_TryLock
001053a4 00000020 T LightLock_Unlock
001053c4 00000024 T RecursiveLock_Init
001053e8 00000030 T RecursiveLock_Lock
00105418 00000058 T RecursiveLock_TryLock
00105470 00000038 T RecursiveLock_Unlock
001054a8 00000038 T LightEvent_Init
001054e0 0000007c T LightEvent_Clear
0010555c 000000dc T LightEvent_Signal
00105638 000000d0 T LightEvent_Wait
00105708 00000074 T ptmSysmInit
0010577c 0000003c T ptmSysmExit
001057b8 00000034 T PTMSYSM_ConfigureNew3DSCPU
001057ec 00000070 T rbtree_find
0010585c 00000324 T rbtree_remove
00105b80 00000074 T rbtree_node_next
00105bf4 00000094 T rbtree_rotate
00105c88 0000018c t do_insert
00105e14 00000008 T rbtree_insert
00105e1c 00000014 T rbtree_init
00105e30 000000a4 W __libctru_exit
00105ed4 0000001c W __appExit
00105ef0 00000058 t osGetMemRegionSize
00105f48 00000104 W __system_allocateHeaps
0010604c 00000030 t __ctru_get_reent
0010607c 000000e4 T __system_initSyscalls
00106160 0000001c W __appInit
0010617c 00000098 T MemPool::CoalesceRight(MemBlock*)
00106214 00000178 T MemPool::Allocate(MemChunk&, unsigned long, int)
0010638c 00000100 T MemPool::Deallocate(MemChunk const&)
0010648c 00000010 t sdmc_link
0010649c 00000010 t sdmc_dirreset
001064ac 00000010 t sdmc_fchmod
001064bc 00000024 t error_cmp
001064e0 00000050 t sdmc_translate_error
00106530 00000034 t sdmc_fsync
00106564 00000054 t sdmc_ftruncate
001065b8 000000b8 t sdmc_statvfs
00106670 00000038 t sdmc_dirclose
001066a8 00000138 t sdmc_dirnext
001067e0 00000034 t sdmc_close
00106814 00000074 t sdmc_fstat
00106888 000000d8 t sdmc_seek
00106960 00000084 t sdmc_read
001069e4 000000b8 t sdmc_write
00106a9c 000001a8 t sdmc_utf16path
00106c44 00000074 t sdmc_rmdir
00106cb8 000000a4 t sdmc_diropen
00106d5c 000000a0 t sdmc_chdir
00106dfc 00000098 t sdmc_mkdir
00106e94 00000108 t sdmc_rename
00106f9c 00000074 t sdmc_unlink
00107010 00000108 t sdmc_stat
00107118 00000188 t sdmc_open
001072a0 00000010 t sdmc_chmod
001072b0 00000160 T sdmcInit
00107410 00000060 T sdmcExit
00107470 00000028 t fsSessionForArchive.part.0
00107498 000000cc T fsInit
00107564 0000003c T fsExit
001075a0 000000a0 T fsExemptFromSession
00107640 00000050 T fsUnexemptFromSession
00107690 000000bc T FSUSER_OpenFile
0010774c 000000a4 T FSUSER_DeleteFile
001077f0 000000e0 T FSUSER_RenameFile
001078d0 000000a4 T FSUSER_DeleteDirectory
00107974 000000bc T FSUSER_CreateFile
00107a30 000000ac T FSUSER_CreateDirectory
00107adc 000000e0 T FSUSER_RenameDirectory
00107bbc 000000a4 T FSUSER_OpenDirectory
00107c60 00000098 T FSUSER_OpenArchive
00107cf8 00000074 T FSUSER_CloseArchive
00107d6c 00000078 T FSUSER_GetSdmcArchiveResource
00107de4 00000064 T FSUSER_IsSdmcWritable
00107e48 0000005c T FSFILE_Read
00107ea4 00000064 T FSFILE_Write
00107f08 0000003c T FSFILE_GetSize
00107f44 0000002c T FSFILE_SetSize
00107f70 0000003c T FSFILE_Close
00107fac 00000024 T FSFILE_Flush
00107fd0 00000054 T FSDIR_Read
00108024 0000003c T FSDIR_Close
00108060 000000c0 T utf8_to_utf16
00108120 00000138 T decode_utf8
00108258 000000e8 T utf16_to_utf8
00108340 00000104 T encode_utf8
00108444 00000068 T encode_utf16
001084ac T __aeabi_read_tp
001084b8 00000060 T decode_utf16
00108518 00000158 T __udivmoddi4
00108670 00000074 T bsearch
001086e4 00000040 T __libc_fini_array
00108724 0000007c T __libc_init_array
001087a0 00000020 T memalign
001087c0 00000158 T _memalign_r
00108918 00000018 T malloc
00108930 00000018 T free
00108948 000007a8 T _malloc_r
001090f0 00000100 T memchr
001091f0 0000010c T memcpy
001092fc 00000110 T memset
0010940c 0000000c T __malloc_lock
00109418 0000000c T __malloc_unlock
00109424 000000e0 T _puts_r
00109504 00000018 T puts
0010951c 00000264 T setvbuf
00109780 00000074 T sscanf
001097f4 0000003c T __sread
00109830 00000008 T __seofread
00109838 00000064 T __swrite
0010989c 0000004c T __sseek
001098e8 00000008 T __sclose
001098f0 0000005c T strlen
0010994c 00000098 T strncat
001099e4 000000d8 T strncpy
00109abc 0000005c T strnlen
00109b18 000027c8 T __ssvfscanf_r
0010c2e0 000000a0 T _wcrtomb_r
0010c380 00000020 T _wcsrtombs_r
0010c3a0 00000148 T __swsetup_r
0010c4e8 0000026c T __sflush_r
0010c754 00000094 T _fflush_r
0010c7e8 0000000c T _cleanup_r
0010c7f4 00000078 t std.isra.0
0010c86c 0000008c T __sinit
0010c8f8 0000000c T __sfp_lock_acquire
0010c904 0000000c T __sfp_lock_release
0010c910 000000f8 T _malloc_trim_r
0010ca08 000002e4 T _free_r
0010ccec 00000498 T __sfvwrite_r
0010d184 00000078 T _fwalk_reent
0010d1fc 00000074 T iswspace
0010d270 000001e0 t __jp2uc
0010d450 000000c4 T _jp2uc
0010d514 00000008 T __localeconv_l
0010d51c 00000024 T _localeconv_r
0010d540 00000024 T __locale_mb_cur_max
0010d564 00000008 T __locale_ctype_ptr_l
0010d56c 00000024 T __locale_ctype_ptr
0010d590 00000094 T __swhatbuf_r
0010d624 000000f4 T __smakebuf_r
0010d718 000000b4 T _mbrtowc_r
0010d7cc 000002fc T __utf8_mbtowc
0010dac8 0000013c T memmove
0010dc04 000004d0 T _realloc_r
0010e0d4 000000cc T __sccl
0010e1a0 0000000c T nanf
0010e1ac 00000064 T sprintf
0010e210 000000f8 T stpncpy
0010e308 00000180 T strchr
0010e488 000000f8 T strncmp
0010e580 00000054 t sulp
0010e5d8 00001464 T _strtod_l
0010fa3c 0000003c T _strtod_r
0010fa78 00000274 t _strtoll_l.isra.0
0010fcec 00000050 T _strtoll_r
0010fd3c 000001bc t _strtol_l.isra.0
0010fef8 00000050 T _strtol_r
0010ff48 00000260 t _strtoull_l.isra.0
001101a8 00000050 T _strtoull_r
001101f8 000001d0 t _strtoul_l.isra.0
001103c8 00000050 T _strtoul_r
00110418 00000188 T __ssprint_r
001105a0 000000dc T _sungetc_r
0011067c 0000006c T __ssrefill_r
001106e8 000000c8 T _sfread_r
001107b0 000074a0 t get_arg
00117c50 00003e2c T _svfprintf_r
0011ba7c 000000a4 T __submore
0011bb20 00000170 T _wcsnrtombs_l
0011bc90 00000064 T _wcsnrtombs_r
0011bcf4 000000e8 T __utf8_wctomb
0011bddc 000001bc t quorem
0011bf98 00001224 T _dtoa_r
0011d1bc 00000164 T _fclose_r
0011d320 00000104 t rshift
0011d424 000007f8 T __gethex
0011dc1c 00000060 T __match
0011dc7c 00000254 T __hexnan
0011ded0 00000088 T _Balloc
0011df58 0000001c T _Bfree
0011df74 000000d0 T __multadd
0011e044 000000e0 T __s2b
0011e124 00000058 T __hi0bits
0011e17c 0000009c T __lo0bits
0011e218 00000020 T __i2b
0011e238 000001d4 T __multiply
0011e40c 00000100 T __pow5mult
0011e50c 000000e8 T __lshift
0011e5f4 0000005c T __mcmp
0011e650 00000168 T __mdiff
0011e7b8 00000078 T __ulp
0011e830 000000d0 T __b2d
0011e900 00000104 T __d2b
0011ea04 00000084 T __ratio
0011ea88 00000088 T __copybits
0011eb10 00000078 T __any_on
0011eb88 0000009c T frexp
0011ec24 00000090 T _calloc_r
0011ecb4 00000008 t null_write
0011ecbc 00000018 T setDefaultDevice
0011ecd4 000000cc T FindDevice
0011eda0 00000028 T RemoveDevice
0011edc8 00000098 T AddDevice
0011ee60 00000084 T _close_r
0011eee4 00000074 T _fstat_r
0011ef58 00000008 T _isatty_r
0011ef60 00000084 T _lseek_r
0011efe4 00000080 T _read_r
0011f064 00000070 T _sbrk_r
0011f0d4 00000080 T _write_r
0011f154 000001cc T _concatenate_path
0011f320 0000015c T chdir
0011f47c 00000008 T __flockfile
0011f484 00000008 T __funlockfile
0011f48c 00000018 T __libc_lock_acquire
0011f4a4 00000018 T __libc_lock_release
0011f4bc 00000018 T __libc_lock_init_recursive
0011f4d4 00000018 T __libc_lock_acquire_recursive
0011f4ec 00000018 T __libc_lock_release_recursive
0011f504 00000018 T __libc_lock_close_recursive
0011f51c 0000008c T __release_handle
0011f5a8 00000018 T __get_handle
0011f5c0 00000028 T __getreent
0011f5e8 00000044 T strrchr
0011f62c T _fini
00120000 R default_font_bin
00120800 R default_font_bin_end
00120800 R default_font_bin_size
001208d8 00000014 r CSWTCH.28
001208ec 00000008 r framebufferInfoSt
001208f4 00000030 r colorTable
00120978 00000068 r dotab_stdout
00120a10 0000000c r serviceNameTable.7545
00120a54 00000030 r error_table
00120aa8 00000022 r basefix.8603
00120ae0 000000bc r a1
00120b9c 000000bc r a2
00120c58 0000005b r a3
00120cb4 00000070 r a6
00120d24 000000a2 r a7
00120dc8 00000040 r a8
00120e08 0000172a r b02cf
00122534 00001a7c r d02f4
00124008 00000014 r fpi.7439
0012401c 00000014 r fpinan.7475
00124030 00000028 r tinytens
00124058 0000006c R __action_table
001240c4 00000100 R __chclass
001241c4 0000006c R __state_table
00124270 r .LC2
00124274 00000010 r blanks.8562
00124284 00000010 r zeroes.8563
00124294 00000101 R _ctype_
001243a8 00000100 R __hexdig
001244a8 00000028 R __mprec_bigtens
001244d0 000000c8 R __mprec_tens
00124598 0000000c r p05.7353
001245ac 00000068 R dotab_stdnull
00124614 00000003 R DIRECTORY_PARENT
00124618 r __EH_FRAME_BEGIN__
00124618 R __exidx_end
00124618 R __exidx_start
00125000 W __stacksize__
00125004 00000001 d botFormat
00125008 00000008 d doubleBuf
00125010 00000001 d topFormat
00125014 00000004 D currentConsole
00125018 0000004c D defaultConsole
00125064 00000001 d firstConsoleInit.7792
00125068 00000004 d aptFlags
0012506c 00000004 d gspLastEvent
00125070 00000004 V __ctru_linear_heap_size
00125074 00000401 d __cwd
00125478 00000068 d sdmc_devoptab
001254e0 00000004 D _impure_ptr
001254e8 00000460 d impure_data
00125948 00000408 D __malloc_av_
00125d50 00000004 D __malloc_sbrk_base
00125d54 00000004 D __malloc_trim_threshold
00125d58 0000000c d __malloc_lock_object
00125d64 0000000c d __sfp_lock
00125d70 0000000c d __sinit_lock
00125d7c 0000016c D __global_locale
00125ee8 00000004 d defaultDevice
00125eec 00000040 D devoptab_list
00125f2c 00001000 d _current_working_directory
00126f2c 00000004 d __hndl_lock
00126f30 0000000c d __stderr_handle
00126f3c 0000000c d __stdin_handle
00126f48 0000000c d __stdout_handle
00126f54 00001000 d handles
00127f54 t __frame_dummy_init_array_entry
00127f54 T __init_array_start
00127f54 B __preinit_array_end
00127f54 B __preinit_array_start
00127f54 D __tdata_lma
00127f54 D __tdata_lma_end
00127f54 D __TMC_END__
00127f54 d __TMC_LIST__
00127f58 t __do_global_dtors_aux_fini_array_entry
00127f58 T __fini_array_start
00127f58 T __init_array_end
00127f5c T __bss_start__
00127f5c T __fini_array_end
00127f5c b saved_stack
00127f64 b completed.7759
00127f68 b object.7764
00127f80 00000002 b currentBuffer
00127f82 00000001 b enable3d
00127f84 00000004 b screenAlloc
00127f88 00000004 b screenFree
00127f8c 00000006 b aVec
00127f94 00000004 b cPos
00127f98 00000006 b gRate
00127fa0 00000004 b hidRefCount
00127fa4 00000004 b kDown
00127fa8 00000004 b kHeld
00127fac 00000004 b kOld
00127fb0 00000004 b kUp
00127fb4 00000004 b tPos
00127fb8 00000001 b aptChainloadMediatype
00127fc0 00000008 b aptChainloadTid
00127fc8 00000004 b aptEventHandlerThread
00127fcc 0000000c b aptEvents
00127fd8 0000000c b aptFirstHook
00127fe4 00000001 b aptHomeButtonState
00127fe8 00000004 b aptLockHandle
00127fec 00000004 b aptMessageFunc
00127ff0 00000004 b aptMessageFuncData
00127ff4 00001000 b aptParameters
00128ff4 00000004 b aptRefCount
00128ff8 00000008 b aptSleepEvent
00129000 00000001 b flagInit.7905
00129001 00000001 b flagValue.7906
00129004 00000004 b serviceName.7544
00129008 00000004 b gspEvent
0012900c 0000001c b gspEventCb
00129028 0000001c b gspEventCbData
00129044 00000007 b gspEventCbOneShot
0012904c 0000001c b gspEventCounts
00129068 00000004 b gspEventData
0012906c 00000004 b gspEventThread
00129070 00000038 b gspEvents
001290a8 00000004 b gspRefCount
001290ac 00000001 b gspRunEvents
001290b0 00000004 b csPos
001290b4 00000004 b irrstRefCount
001290b8 00000004 b kHeld
001290bc 00000008 b sLinearPool
001290c4 0000000c b sAddrMap
001290d0 00000008 b sMappablePool
001290d8 0000000c b sAddrMap
001290e4 0000000c b sAddrMap
001290f0 00000008 b sVramPool
001290f8 00000004 b srvHandle
001290fc 00000004 b srvRefCount
00129100 00000001 V __ctru_speedup
00129104 00000004 b arbiter
00129108 00000004 b ptmSysmHandle
0012910c 00000004 b ptmSysmRefCount
00129110 00000004 V __ctru_heap_size
00129118 00000008 b sdmcArchive
00129120 00000001 b sdmcInitialised
00129128 00000080 b fsExemptArchives
001291a8 00000004 b fsuHandle
001291ac 00000004 b fsuRefCount
001291b0 00000028 B __malloc_current_mallinfo
001291d8 00000004 B __malloc_max_sbrked_mem
001291dc 00000004 B __malloc_max_total_mem
001291e0 00000004 B __malloc_top_pad
001291e4 00000004 b heap_start.7089
001291e8 00000004 B fake_heap_end
001291ec 00000004 B fake_heap_start
001291f0 00001000 b temp_cwd
0012a1f0 00000038 B __syscalls
0012a228 00000008 B gfxBottomFramebuffers
0012a230 00000004 B gspSharedMemHandle
0012a234 0000001c B bottomFramebufferInfo
0012a250 00000004 B gspEvent
0012a254 00000008 B gfxTopLeftFramebuffers
0012a25c 00000008 B gfxTopRightFramebuffers
0012a264 0000001c B topFramebufferInfo
0012a280 00000001 B gfxThreadID
0012a284 00000004 B gfxSharedMemory
0012a288 00000004 B gfxTopFramebufferMaxSize
0012a28c 00000004 B gfxBottomFramebufferMaxSize
0012a290 0000004c B currentCopy
0012a2dc 00000004 B gxCmdBuf
0012a2e0 00000004 B hidMemHandle
0012a2e4 00000004 B hidHandle
0012a2e8 00000004 B hidSharedMem
0012a2ec 00000014 B hidEvents
0012a300 00000004 B gspGpuHandle
0012a304 00000004 B irrstHandle
0012a308 00000004 B irrstEvent
0012a30c 00000004 B irrstMemHandle
0012a310 00000004 B irrstSharedMem
0012a314 00000004 B __system_argv
0012a318 00000004 B __system_argc
0012a31c 00000004 B __system_retAddr
0012a320 00000004 B __ctru_linear_heap
0012a324 00000004 B __ctru_heap
0012a328 B __tls_start
0012b734 B __bss_end__
0012b734 A __end__
0012b734 B __tls_end
